<?xml version="1.0" encoding="utf-8"?><testsuites name="pytest tests"><testsuite name="pytest" errors="0" failures="0" skipped="0" tests="20" time="3.321" timestamp="2026-02-06T00:16:23.269997+00:00" hostname="agent-env-3356d67a-c995-4a59-9cc0-885c4e662131"><testcase classname="backend.tests.test_digiforge_api.TestSystemStatus" name="test_status_endpoint" time="0.065" /><testcase classname="backend.tests.test_digiforge_api.TestAuthEndpoints" name="test_register_new_user" time="0.269" /><testcase classname="backend.tests.test_digiforge_api.TestAuthEndpoints" name="test_register_duplicate_email" time="0.014" /><testcase classname="backend.tests.test_digiforge_api.TestAuthEndpoints" name="test_login_valid_credentials" time="0.234" /><testcase classname="backend.tests.test_digiforge_api.TestAuthEndpoints" name="test_login_invalid_credentials" time="0.010" /><testcase classname="backend.tests.test_digiforge_api.TestAuthEndpoints" name="test_get_me_authenticated" time="0.249" /><testcase classname="backend.tests.test_digiforge_api.TestAuthEndpoints" name="test_get_me_unauthenticated" time="0.038" /><testcase classname="backend.tests.test_digiforge_api.TestAdminLogin" name="test_admin_login" time="0.265" /><testcase classname="backend.tests.test_digiforge_api.TestWorkspaceEndpoints" name="test_list_workspaces" time="0.299" /><testcase classname="backend.tests.test_digiforge_api.TestWorkspaceEndpoints" name="test_list_workspaces_unauthenticated" time="0.038" /><testcase classname="backend.tests.test_digiforge_api.TestProductEndpoints" name="test_generate_product_legacy" time="0.347" /><testcase classname="backend.tests.test_digiforge_api.TestProductEndpoints" name="test_list_products" time="0.039" /><testcase classname="backend.tests.test_digiforge_api.TestCampaignEndpoints" name="test_generate_campaign" time="0.337" /><testcase classname="backend.tests.test_digiforge_api.TestCampaignEndpoints" name="test_list_campaigns" time="0.038" /><testcase classname="backend.tests.test_digiforge_api.TestAdminEndpoints" name="test_admin_stats" time="0.296" /><testcase classname="backend.tests.test_digiforge_api.TestAdminEndpoints" name="test_admin_stats_non_admin" time="0.305" /><testcase classname="backend.tests.test_digiforge_api.TestAdminEndpoints" name="test_admin_users_list" time="0.040" /><testcase classname="backend.tests.test_digiforge_api.TestAdminEndpoints" name="test_admin_templates_list" time="0.041" /><testcase classname="backend.tests.test_digiforge_api.TestBillingEndpoints" name="test_get_billing_plans" time="0.037" /><testcase classname="backend.tests.test_digiforge_api.TestAnalyticsEndpoints" name="test_get_analytics" time="0.299" /></testsuite></testsuites>