<?xml version="1.0" encoding="utf-8"?><testsuites name="pytest tests"><testsuite name="pytest" errors="0" failures="0" skipped="1" tests="13" time="2.142" timestamp="2026-02-07T19:40:32.209927+00:00" hostname="agent-env-1527d573-e012-4c29-ab14-30f8add2bb8a"><testcase classname="backend.tests.test_media_studio.TestMediaEndpoints" name="test_media_upload_admin" time="0.377" /><testcase classname="backend.tests.test_media_studio.TestMediaEndpoints" name="test_media_upload_invalid_type" time="0.046" /><testcase classname="backend.tests.test_media_studio.TestMediaEndpoints" name="test_media_list_admin" time="0.038" /><testcase classname="backend.tests.test_media_studio.TestMediaEndpoints" name="test_media_list_filtered_by_type" time="0.044" /><testcase classname="backend.tests.test_media_studio.TestMediaEndpoints" name="test_public_media_endpoint" time="0.088" /><testcase classname="backend.tests.test_media_studio.TestMediaEndpoints" name="test_public_media_not_found" time="0.036" /><testcase classname="backend.tests.test_media_studio.TestMediaEndpoints" name="test_media_delete_admin" time="0.155" /><testcase classname="backend.tests.test_media_studio.TestMediaEndpoints" name="test_media_upload_unauthorized" time="0.037" /><testcase classname="backend.tests.test_media_studio.TestProductMediaAssociation" name="test_update_product_with_media_assets" time="0.431" /><testcase classname="backend.tests.test_media_studio.TestProductMediaAssociation" name="test_get_product_with_media_assets" time="0.078" /><testcase classname="backend.tests.test_media_studio.TestProductMediaAssociation" name="test_update_product_clear_media_assets" time="0.040" /><testcase classname="backend.tests.test_media_studio.TestPublicProductWithMedia" name="test_public_product_has_media_asset_ids" time="0.403"><skipped type="pytest.skip" message="No published product available">/app/backend/tests/test_media_studio.py:392: No published product available</skipped></testcase><testcase classname="backend.tests.test_media_studio.TestAdminMediaPageUI" name="test_admin_stats_accessible" time="0.309" /></testsuite></testsuites>